=1    INFO  [main]  org.apache.axis2.builder.BuilderUtil     - OMException in getSOAPBuilder
org.apache.axiom.soap.SOAPProcessingException: First Element must contain the local name, Envelope , but found html
	at org.apache.axiom.soap.impl.builder.StAXSOAPModelBuilder.constructNode(StAXSOAPModelBuilder.java:219)
	at org.apache.axiom.soap.impl.builder.StAXSOAPModelBuilder.createOMElement(StAXSOAPModelBuilder.java:177)
	at org.apache.axiom.om.impl.builder.StAXOMBuilder.next(StAXOMBuilder.java:163)
	at org.apache.axiom.soap.impl.builder.StAXSOAPModelBuilder.getSOAPEnvelope(StAXSOAPModelBuilder.java:161)
	at org.apache.axiom.soap.impl.builder.StAXSOAPModelBuilder.<init>(StAXSOAPModelBuilder.java:110)
	at org.apache.axis2.builder.BuilderUtil.getSOAPBuilder(BuilderUtil.java:609)
	at org.apache.axis2.transport.TransportUtils.createDocumentElement(TransportUtils.java:178)
	at org.apache.axis2.transport.TransportUtils.createSOAPMessage(TransportUtils.java:111)
	at org.apache.axis2.transport.TransportUtils.createSOAPMessage(TransportUtils.java:87)
	at org.apache.axis2.description.OutInAxisOperationClient.handleResponse(OutInAxisOperation.java:326)
	at org.apache.axis2.description.OutInAxisOperationClient.send(OutInAxisOperation.java:389)
	at org.apache.axis2.description.OutInAxisOperationClient.executeImpl(OutInAxisOperation.java:211)
	at org.apache.axis2.client.OperationClient.execute(OperationClient.java:163)
	at org.apache.axis2.client.ServiceClient.sendReceive(ServiceClient.java:528)
	at org.apache.axis2.client.ServiceClient.sendReceive(ServiceClient.java:508)
	at repository.atomicServices.ManageServiceClient.deployRemoteService(ManageServiceClient.java:49)
	at repository.atomicServices.ManageServiceClient.main(ManageServiceClient.java:162)
=6    INFO  [main]  org.apache.axis2.builder.BuilderUtil     - Remaining input stream :[ll><a href="http://jetty.mortbay.org/">Powered by Jetty://</a></small></i></p><br/>                                                
<br/>                                                
<br/>                                                
<br/>                                                
<br/>                                                
<br/>                                                
<br/>                                                
<br/>                                                
<br/>                                                
<br/>                                                
<br/>                                                
<br/>                                                
<br/>                                                
<br/>                                                
<br/>                                                
<br/>                                                
<br/>                                                
<br/>                                                
<br/>                                                
<br/>                                                

</body>
</html>
]
=0    INFO  [main]  org.apache.axis2.builder.BuilderUtil     - OMException in getSOAPBuilder
org.apache.axiom.soap.SOAPProcessingException: First Element must contain the local name, Envelope , but found html
	at org.apache.axiom.soap.impl.builder.StAXSOAPModelBuilder.constructNode(StAXSOAPModelBuilder.java:219)
	at org.apache.axiom.soap.impl.builder.StAXSOAPModelBuilder.createOMElement(StAXSOAPModelBuilder.java:177)
	at org.apache.axiom.om.impl.builder.StAXOMBuilder.next(StAXOMBuilder.java:163)
	at org.apache.axiom.soap.impl.builder.StAXSOAPModelBuilder.getSOAPEnvelope(StAXSOAPModelBuilder.java:161)
	at org.apache.axiom.soap.impl.builder.StAXSOAPModelBuilder.<init>(StAXSOAPModelBuilder.java:110)
	at org.apache.axis2.builder.BuilderUtil.getSOAPBuilder(BuilderUtil.java:609)
	at org.apache.axis2.transport.TransportUtils.createDocumentElement(TransportUtils.java:178)
	at org.apache.axis2.transport.TransportUtils.createSOAPMessage(TransportUtils.java:111)
	at org.apache.axis2.transport.TransportUtils.createSOAPMessage(TransportUtils.java:87)
	at org.apache.axis2.description.OutInAxisOperationClient.handleResponse(OutInAxisOperation.java:326)
	at org.apache.axis2.description.OutInAxisOperationClient.send(OutInAxisOperation.java:389)
	at org.apache.axis2.description.OutInAxisOperationClient.executeImpl(OutInAxisOperation.java:211)
	at org.apache.axis2.client.OperationClient.execute(OperationClient.java:163)
	at org.apache.axis2.client.ServiceClient.sendReceive(ServiceClient.java:528)
	at org.apache.axis2.client.ServiceClient.sendReceive(ServiceClient.java:508)
	at repository.atomicServices.ManageServiceClient.deployRemoteService(ManageServiceClient.java:49)
	at repository.atomicServices.ManageServiceClient.main(ManageServiceClient.java:162)
=3    INFO  [main]  org.apache.axis2.builder.BuilderUtil     - Remaining input stream :[ll><a href="http://jetty.mortbay.org/">Powered by Jetty://</a></small></i></p><br/>                                                
<br/>                                                
<br/>                                                
<br/>                                                
<br/>                                                
<br/>                                                
<br/>                                                
<br/>                                                
<br/>                                                
<br/>                                                
<br/>                                                
<br/>                                                
<br/>                                                
<br/>                                                
<br/>                                                
<br/>                                                
<br/>                                                
<br/>                                                
<br/>                                                
<br/>                                                

</body>
</html>
]
=1    INFO  [main]  org.apache.axis2.builder.BuilderUtil     - OMException in getSOAPBuilder
org.apache.axiom.soap.SOAPProcessingException: First Element must contain the local name, Envelope , but found html
	at org.apache.axiom.soap.impl.builder.StAXSOAPModelBuilder.constructNode(StAXSOAPModelBuilder.java:219)
	at org.apache.axiom.soap.impl.builder.StAXSOAPModelBuilder.createOMElement(StAXSOAPModelBuilder.java:177)
	at org.apache.axiom.om.impl.builder.StAXOMBuilder.next(StAXOMBuilder.java:163)
	at org.apache.axiom.soap.impl.builder.StAXSOAPModelBuilder.getSOAPEnvelope(StAXSOAPModelBuilder.java:161)
	at org.apache.axiom.soap.impl.builder.StAXSOAPModelBuilder.<init>(StAXSOAPModelBuilder.java:110)
	at org.apache.axis2.builder.BuilderUtil.getSOAPBuilder(BuilderUtil.java:609)
	at org.apache.axis2.transport.TransportUtils.createDocumentElement(TransportUtils.java:178)
	at org.apache.axis2.transport.TransportUtils.createSOAPMessage(TransportUtils.java:111)
	at org.apache.axis2.transport.TransportUtils.createSOAPMessage(TransportUtils.java:87)
	at org.apache.axis2.description.OutInAxisOperationClient.handleResponse(OutInAxisOperation.java:326)
	at org.apache.axis2.description.OutInAxisOperationClient.send(OutInAxisOperation.java:389)
	at org.apache.axis2.description.OutInAxisOperationClient.executeImpl(OutInAxisOperation.java:211)
	at org.apache.axis2.client.OperationClient.execute(OperationClient.java:163)
	at org.apache.axis2.client.ServiceClient.sendReceive(ServiceClient.java:528)
	at org.apache.axis2.client.ServiceClient.sendReceive(ServiceClient.java:508)
	at repository.atomicServices.ManageServiceClient.deployRemoteService(ManageServiceClient.java:49)
	at repository.atomicServices.ManageServiceClient.main(ManageServiceClient.java:162)
=4    INFO  [main]  org.apache.axis2.builder.BuilderUtil     - Remaining input stream :[ll><a href="http://jetty.mortbay.org/">Powered by Jetty://</a></small></i></p><br/>                                                
<br/>                                                
<br/>                                                
<br/>                                                
<br/>                                                
<br/>                                                
<br/>                                                
<br/>                                                
<br/>                                                
<br/>                                                
<br/>                                                
<br/>                                                
<br/>                                                
<br/>                                                
<br/>                                                
<br/>                                                
<br/>                                                
<br/>                                                
<br/>                                                
<br/>                                                

</body>
</html>
]
=1    INFO  [main]  org.apache.axis2.builder.BuilderUtil     - OMException in getSOAPBuilder
org.apache.axiom.soap.SOAPProcessingException: First Element must contain the local name, Envelope , but found html
	at org.apache.axiom.soap.impl.builder.StAXSOAPModelBuilder.constructNode(StAXSOAPModelBuilder.java:219)
	at org.apache.axiom.soap.impl.builder.StAXSOAPModelBuilder.createOMElement(StAXSOAPModelBuilder.java:177)
	at org.apache.axiom.om.impl.builder.StAXOMBuilder.next(StAXOMBuilder.java:163)
	at org.apache.axiom.soap.impl.builder.StAXSOAPModelBuilder.getSOAPEnvelope(StAXSOAPModelBuilder.java:161)
	at org.apache.axiom.soap.impl.builder.StAXSOAPModelBuilder.<init>(StAXSOAPModelBuilder.java:110)
	at org.apache.axis2.builder.BuilderUtil.getSOAPBuilder(BuilderUtil.java:609)
	at org.apache.axis2.transport.TransportUtils.createDocumentElement(TransportUtils.java:178)
	at org.apache.axis2.transport.TransportUtils.createSOAPMessage(TransportUtils.java:111)
	at org.apache.axis2.transport.TransportUtils.createSOAPMessage(TransportUtils.java:87)
	at org.apache.axis2.description.OutInAxisOperationClient.handleResponse(OutInAxisOperation.java:326)
	at org.apache.axis2.description.OutInAxisOperationClient.send(OutInAxisOperation.java:389)
	at org.apache.axis2.description.OutInAxisOperationClient.executeImpl(OutInAxisOperation.java:211)
	at org.apache.axis2.client.OperationClient.execute(OperationClient.java:163)
	at org.apache.axis2.client.ServiceClient.sendReceive(ServiceClient.java:528)
	at org.apache.axis2.client.ServiceClient.sendReceive(ServiceClient.java:508)
	at repository.atomicServices.ManageServiceClient.deployRemoteService(ManageServiceClient.java:49)
	at repository.atomicServices.ManageServiceClient.main(ManageServiceClient.java:162)
=4    INFO  [main]  org.apache.axis2.builder.BuilderUtil     - Remaining input stream :[ll><a href="http://jetty.mortbay.org/">Powered by Jetty://</a></small></i></p><br/>                                                
<br/>                                                
<br/>                                                
<br/>                                                
<br/>                                                
<br/>                                                
<br/>                                                
<br/>                                                
<br/>                                                
<br/>                                                
<br/>                                                
<br/>                                                
<br/>                                                
<br/>                                                
<br/>                                                
<br/>                                                
<br/>                                                
<br/>                                                
<br/>                                                
<br/>                                                

</body>
</html>
]
=0    INFO  [main]  org.apache.axis2.builder.BuilderUtil     - OMException in getSOAPBuilder
org.apache.axiom.soap.SOAPProcessingException: First Element must contain the local name, Envelope , but found html
	at org.apache.axiom.soap.impl.builder.StAXSOAPModelBuilder.constructNode(StAXSOAPModelBuilder.java:219)
	at org.apache.axiom.soap.impl.builder.StAXSOAPModelBuilder.createOMElement(StAXSOAPModelBuilder.java:177)
	at org.apache.axiom.om.impl.builder.StAXOMBuilder.next(StAXOMBuilder.java:163)
	at org.apache.axiom.soap.impl.builder.StAXSOAPModelBuilder.getSOAPEnvelope(StAXSOAPModelBuilder.java:161)
	at org.apache.axiom.soap.impl.builder.StAXSOAPModelBuilder.<init>(StAXSOAPModelBuilder.java:110)
	at org.apache.axis2.builder.BuilderUtil.getSOAPBuilder(BuilderUtil.java:609)
	at org.apache.axis2.transport.TransportUtils.createDocumentElement(TransportUtils.java:178)
	at org.apache.axis2.transport.TransportUtils.createSOAPMessage(TransportUtils.java:111)
	at org.apache.axis2.transport.TransportUtils.createSOAPMessage(TransportUtils.java:87)
	at org.apache.axis2.description.OutInAxisOperationClient.handleResponse(OutInAxisOperation.java:326)
	at org.apache.axis2.description.OutInAxisOperationClient.send(OutInAxisOperation.java:389)
	at org.apache.axis2.description.OutInAxisOperationClient.executeImpl(OutInAxisOperation.java:211)
	at org.apache.axis2.client.OperationClient.execute(OperationClient.java:163)
	at org.apache.axis2.client.ServiceClient.sendReceive(ServiceClient.java:528)
	at org.apache.axis2.client.ServiceClient.sendReceive(ServiceClient.java:508)
	at repository.atomicServices.ManageServiceClient.deployRemoteService(ManageServiceClient.java:49)
	at repository.atomicServices.ManageServiceClient.main(ManageServiceClient.java:162)
=4    INFO  [main]  org.apache.axis2.builder.BuilderUtil     - Remaining input stream :[ll><a href="http://jetty.mortbay.org/">Powered by Jetty://</a></small></i></p><br/>                                                
<br/>                                                
<br/>                                                
<br/>                                                
<br/>                                                
<br/>                                                
<br/>                                                
<br/>                                                
<br/>                                                
<br/>                                                
<br/>                                                
<br/>                                                
<br/>                                                
<br/>                                                
<br/>                                                
<br/>                                                
<br/>                                                
<br/>                                                
<br/>                                                
<br/>                                                

</body>
</html>
]
=1    INFO  [main]  org.apache.axis2.builder.BuilderUtil     - OMException in getSOAPBuilder
org.apache.axiom.soap.SOAPProcessingException: First Element must contain the local name, Envelope , but found html
	at org.apache.axiom.soap.impl.builder.StAXSOAPModelBuilder.constructNode(StAXSOAPModelBuilder.java:219)
	at org.apache.axiom.soap.impl.builder.StAXSOAPModelBuilder.createOMElement(StAXSOAPModelBuilder.java:177)
	at org.apache.axiom.om.impl.builder.StAXOMBuilder.next(StAXOMBuilder.java:163)
	at org.apache.axiom.soap.impl.builder.StAXSOAPModelBuilder.getSOAPEnvelope(StAXSOAPModelBuilder.java:161)
	at org.apache.axiom.soap.impl.builder.StAXSOAPModelBuilder.<init>(StAXSOAPModelBuilder.java:110)
	at org.apache.axis2.builder.BuilderUtil.getSOAPBuilder(BuilderUtil.java:609)
	at org.apache.axis2.transport.TransportUtils.createDocumentElement(TransportUtils.java:178)
	at org.apache.axis2.transport.TransportUtils.createSOAPMessage(TransportUtils.java:111)
	at org.apache.axis2.transport.TransportUtils.createSOAPMessage(TransportUtils.java:87)
	at org.apache.axis2.description.OutInAxisOperationClient.handleResponse(OutInAxisOperation.java:326)
	at org.apache.axis2.description.OutInAxisOperationClient.send(OutInAxisOperation.java:389)
	at org.apache.axis2.description.OutInAxisOperationClient.executeImpl(OutInAxisOperation.java:211)
	at org.apache.axis2.client.OperationClient.execute(OperationClient.java:163)
	at org.apache.axis2.client.ServiceClient.sendReceive(ServiceClient.java:528)
	at org.apache.axis2.client.ServiceClient.sendReceive(ServiceClient.java:508)
	at repository.atomicServices.ManageServiceClient.deployRemoteService(ManageServiceClient.java:49)
	at repository.atomicServices.ManageServiceClient.main(ManageServiceClient.java:162)
=3    INFO  [main]  org.apache.axis2.builder.BuilderUtil     - Remaining input stream :[ll><a href="http://jetty.mortbay.org/">Powered by Jetty://</a></small></i></p><br/>                                                
<br/>                                                
<br/>                                                
<br/>                                                
<br/>                                                
<br/>                                                
<br/>                                                
<br/>                                                
<br/>                                                
<br/>                                                
<br/>                                                
<br/>                                                
<br/>                                                
<br/>                                                
<br/>                                                
<br/>                                                
<br/>                                                
<br/>                                                
<br/>                                                
<br/>                                                

</body>
</html>
]
=0    INFO  [main]  org.apache.axis2.builder.BuilderUtil     - OMException in getSOAPBuilder
org.apache.axiom.soap.SOAPProcessingException: First Element must contain the local name, Envelope , but found html
	at org.apache.axiom.soap.impl.builder.StAXSOAPModelBuilder.constructNode(StAXSOAPModelBuilder.java:219)
	at org.apache.axiom.soap.impl.builder.StAXSOAPModelBuilder.createOMElement(StAXSOAPModelBuilder.java:177)
	at org.apache.axiom.om.impl.builder.StAXOMBuilder.next(StAXOMBuilder.java:163)
	at org.apache.axiom.soap.impl.builder.StAXSOAPModelBuilder.getSOAPEnvelope(StAXSOAPModelBuilder.java:161)
	at org.apache.axiom.soap.impl.builder.StAXSOAPModelBuilder.<init>(StAXSOAPModelBuilder.java:110)
	at org.apache.axis2.builder.BuilderUtil.getSOAPBuilder(BuilderUtil.java:609)
	at org.apache.axis2.transport.TransportUtils.createDocumentElement(TransportUtils.java:178)
	at org.apache.axis2.transport.TransportUtils.createSOAPMessage(TransportUtils.java:111)
	at org.apache.axis2.transport.TransportUtils.createSOAPMessage(TransportUtils.java:87)
	at org.apache.axis2.description.OutInAxisOperationClient.handleResponse(OutInAxisOperation.java:326)
	at org.apache.axis2.description.OutInAxisOperationClient.send(OutInAxisOperation.java:389)
	at org.apache.axis2.description.OutInAxisOperationClient.executeImpl(OutInAxisOperation.java:211)
	at org.apache.axis2.client.OperationClient.execute(OperationClient.java:163)
	at org.apache.axis2.client.ServiceClient.sendReceive(ServiceClient.java:528)
	at org.apache.axis2.client.ServiceClient.sendReceive(ServiceClient.java:508)
	at repository.atomicServices.ManageServiceClient.deployRemoteService(ManageServiceClient.java:49)
	at repository.atomicServices.ManageServiceClient.main(ManageServiceClient.java:162)
=3    INFO  [main]  org.apache.axis2.builder.BuilderUtil     - Remaining input stream :[ll><a href="http://jetty.mortbay.org/">Powered by Jetty://</a></small></i></p><br/>                                                
<br/>                                                
<br/>                                                
<br/>                                                
<br/>                                                
<br/>                                                
<br/>                                                
<br/>                                                
<br/>                                                
<br/>                                                
<br/>                                                
<br/>                                                
<br/>                                                
<br/>                                                
<br/>                                                
<br/>                                                
<br/>                                                
<br/>                                                
<br/>                                                
<br/>                                                

</body>
</html>
]
=0    INFO  [main]  org.apache.axis2.builder.BuilderUtil     - OMException in getSOAPBuilder
org.apache.axiom.soap.SOAPProcessingException: First Element must contain the local name, Envelope , but found html
	at org.apache.axiom.soap.impl.builder.StAXSOAPModelBuilder.constructNode(StAXSOAPModelBuilder.java:219)
	at org.apache.axiom.soap.impl.builder.StAXSOAPModelBuilder.createOMElement(StAXSOAPModelBuilder.java:177)
	at org.apache.axiom.om.impl.builder.StAXOMBuilder.next(StAXOMBuilder.java:163)
	at org.apache.axiom.soap.impl.builder.StAXSOAPModelBuilder.getSOAPEnvelope(StAXSOAPModelBuilder.java:161)
	at org.apache.axiom.soap.impl.builder.StAXSOAPModelBuilder.<init>(StAXSOAPModelBuilder.java:110)
	at org.apache.axis2.builder.BuilderUtil.getSOAPBuilder(BuilderUtil.java:609)
	at org.apache.axis2.transport.TransportUtils.createDocumentElement(TransportUtils.java:178)
	at org.apache.axis2.transport.TransportUtils.createSOAPMessage(TransportUtils.java:111)
	at org.apache.axis2.transport.TransportUtils.createSOAPMessage(TransportUtils.java:87)
	at org.apache.axis2.description.OutInAxisOperationClient.handleResponse(OutInAxisOperation.java:326)
	at org.apache.axis2.description.OutInAxisOperationClient.send(OutInAxisOperation.java:389)
	at org.apache.axis2.description.OutInAxisOperationClient.executeImpl(OutInAxisOperation.java:211)
	at org.apache.axis2.client.OperationClient.execute(OperationClient.java:163)
	at org.apache.axis2.client.ServiceClient.sendReceive(ServiceClient.java:528)
	at org.apache.axis2.client.ServiceClient.sendReceive(ServiceClient.java:508)
	at repository.atomicServices.ManageServiceClient.deployRemoteService(ManageServiceClient.java:49)
	at repository.atomicServices.ManageServiceClient.main(ManageServiceClient.java:162)
=3    INFO  [main]  org.apache.axis2.builder.BuilderUtil     - Remaining input stream :[ll><a href="http://jetty.mortbay.org/">Powered by Jetty://</a></small></i></p><br/>                                                
<br/>                                                
<br/>                                                
<br/>                                                
<br/>                                                
<br/>                                                
<br/>                                                
<br/>                                                
<br/>                                                
<br/>                                                
<br/>                                                
<br/>                                                
<br/>                                                
<br/>                                                
<br/>                                                
<br/>                                                
<br/>                                                
<br/>                                                
<br/>                                                
<br/>                                                

</body>
</html>
]
=1    INFO  [main]  org.apache.axis2.builder.BuilderUtil     - OMException in getSOAPBuilder
org.apache.axiom.soap.SOAPProcessingException: First Element must contain the local name, Envelope , but found html
	at org.apache.axiom.soap.impl.builder.StAXSOAPModelBuilder.constructNode(StAXSOAPModelBuilder.java:219)
	at org.apache.axiom.soap.impl.builder.StAXSOAPModelBuilder.createOMElement(StAXSOAPModelBuilder.java:177)
	at org.apache.axiom.om.impl.builder.StAXOMBuilder.next(StAXOMBuilder.java:163)
	at org.apache.axiom.soap.impl.builder.StAXSOAPModelBuilder.getSOAPEnvelope(StAXSOAPModelBuilder.java:161)
	at org.apache.axiom.soap.impl.builder.StAXSOAPModelBuilder.<init>(StAXSOAPModelBuilder.java:110)
	at org.apache.axis2.builder.BuilderUtil.getSOAPBuilder(BuilderUtil.java:609)
	at org.apache.axis2.transport.TransportUtils.createDocumentElement(TransportUtils.java:178)
	at org.apache.axis2.transport.TransportUtils.createSOAPMessage(TransportUtils.java:111)
	at org.apache.axis2.transport.TransportUtils.createSOAPMessage(TransportUtils.java:87)
	at org.apache.axis2.description.OutInAxisOperationClient.handleResponse(OutInAxisOperation.java:326)
	at org.apache.axis2.description.OutInAxisOperationClient.send(OutInAxisOperation.java:389)
	at org.apache.axis2.description.OutInAxisOperationClient.executeImpl(OutInAxisOperation.java:211)
	at org.apache.axis2.client.OperationClient.execute(OperationClient.java:163)
	at org.apache.axis2.client.ServiceClient.sendReceive(ServiceClient.java:528)
	at org.apache.axis2.client.ServiceClient.sendReceive(ServiceClient.java:508)
	at repository.atomicServices.ManageServiceClient.deployRemoteService(ManageServiceClient.java:49)
	at repository.atomicServices.ManageServiceClient.main(ManageServiceClient.java:162)
=16   INFO  [main]  org.apache.axis2.builder.BuilderUtil     - Remaining input stream :[ll><a href="http://jetty.mortbay.org/">Powered by Jetty://</a></small></i></p><br/>                                                
<br/>                                                
<br/>                                                
<br/>                                                
<br/>                                                
<br/>                                                
<br/>                                                
<br/>                                                
<br/>                                                
<br/>                                                
<br/>                                                
<br/>                                                
<br/>                                                
<br/>                                                
<br/>                                                
<br/>                                                
<br/>                                                
<br/>                                                
<br/>                                                
<br/>                                                

</body>
</html>
]
